Flow report for sine
Tue Jul 01 11:59:12 2014
Quartus II 32-bit Version 12.0 Build 263 08/02/2012 Service Pack 2 SJ Web Edition


---------------------
; Table of Contents ;
---------------------
  1. Legal Notice
  2. Flow Summary
  3. Flow Settings
  4. Flow Non-Default Global Settings
  5. Flow Elapsed Time
  6. Flow OS Summary
  7. Flow Log



----------------
; Legal Notice ;
----------------
Copyright (C) 1991-2012 Altera Corporation
Your use of Altera Corporation's design tools, logic functions 
and other software and tools, and its AMPP partner logic 
functions, and any output files from any of the foregoing 
(including device programming or simulation files), and any 
associated documentation or information are expressly subject 
to the terms and conditions of the Altera Program License 
Subscription Agreement, Altera MegaCore Function License 
Agreement, or other applicable license agreement, including, 
without limitation, that your use is for the sole purpose of 
programming logic devices manufactured by Altera and sold by 
Altera or its authorized distributors.  Please refer to the 
applicable agreement for further details.



+------------------------------------------------------------------------------------+
; Flow Summary                                                                       ;
+------------------------------------+-----------------------------------------------+
; Flow Status                        ; Successful - Tue Jul 01 11:59:10 2014         ;
; Quartus II 32-bit Version          ; 12.0 Build 263 08/02/2012 SP 2 SJ Web Edition ;
; Revision Name                      ; sine                                          ;
; Top-level Entity Name              ; sine                                          ;
; Family                             ; Cyclone IV E                                  ;
; Total logic elements               ; 815 / 6,272 ( 13 % )                          ;
;     Total combinational functions  ; 815 / 6,272 ( 13 % )                          ;
;     Dedicated logic registers      ; 0 / 6,272 ( 0 % )                             ;
; Total registers                    ; 0                                             ;
; Total pins                         ; 37 / 92 ( 40 % )                              ;
; Total virtual pins                 ; 0                                             ;
; Total memory bits                  ; 0 / 276,480 ( 0 % )                           ;
; Embedded Multiplier 9-bit elements ; 2 / 30 ( 7 % )                                ;
; Total PLLs                         ; 0 / 2 ( 0 % )                                 ;
; Device                             ; EP4CE6E22C8                                   ;
; Timing Models                      ; Final                                         ;
+------------------------------------+-----------------------------------------------+


+-----------------------------------------+
; Flow Settings                           ;
+-------------------+---------------------+
; Option            ; Setting             ;
+-------------------+---------------------+
; Start date & time ; 07/01/2014 11:58:39 ;
; Main task         ; Compilation         ;
; Revision Name     ; sine                ;
+-------------------+---------------------+


+-----------------------------------------------------------------------------------------------------------------+
; Flow Non-Default Global Settings                                                                                ;
+-------------------------------------+--------------------------------+---------------+-------------+------------+
; Assignment Name                     ; Value                          ; Default Value ; Entity Name ; Section Id ;
+-------------------------------------+--------------------------------+---------------+-------------+------------+
; COMPILER_SIGNATURE_ID               ; 46448171118541.140418351908136 ; --            ; --          ; --         ;
; CYCLONEII_OPTIMIZATION_TECHNIQUE    ; Area                           ; Balanced      ; --          ; --         ;
; ENABLE_SIGNALTAP                    ; Off                            ; --            ; --          ; --         ;
; PARTITION_COLOR                     ; 16764057                       ; --            ; --          ; Top        ;
; PARTITION_FITTER_PRESERVATION_LEVEL ; PLACEMENT_AND_ROUTING          ; --            ; --          ; Top        ;
; PARTITION_NETLIST_TYPE              ; SOURCE                         ; --            ; --          ; Top        ;
; VERILOG_SHOW_LMF_MAPPING_MESSAGES   ; Off                            ; --            ; --          ; --         ;
+-------------------------------------+--------------------------------+---------------+-------------+------------+


+-------------------------------------------------------------------------------------------------------------------------------+
; Flow Elapsed Time                                                                                                             ;
+---------------------------+--------------+-------------------------+---------------------+------------------------------------+
; Module Name               ; Elapsed Time ; Average Processors Used ; Peak Virtual Memory ; Total CPU Time (on all processors) ;
+---------------------------+--------------+-------------------------+---------------------+------------------------------------+
; Analysis & Synthesis      ; 00:00:16     ; 1.0                     ; 326 MB              ; 00:00:14                           ;
; Fitter                    ; 00:00:09     ; 1.0                     ; 430 MB              ; 00:00:08                           ;
; Assembler                 ; 00:00:02     ; 1.0                     ; 314 MB              ; 00:00:02                           ;
; TimeQuest Timing Analyzer ; 00:00:05     ; 1.0                     ; 357 MB              ; 00:00:04                           ;
; Total                     ; 00:00:32     ; --                      ; --                  ; 00:00:28                           ;
+---------------------------+--------------+-------------------------+---------------------+------------------------------------+


+----------------------------------------------------------------------------------------+
; Flow OS Summary                                                                        ;
+---------------------------+------------------+-----------+------------+----------------+
; Module Name               ; Machine Hostname ; OS Name   ; OS Version ; Processor type ;
+---------------------------+------------------+-----------+------------+----------------+
; Analysis & Synthesis      ; kazusa-VAIO      ; Windows 7 ; 6.1        ; x86_64         ;
; Fitter                    ; kazusa-VAIO      ; Windows 7 ; 6.1        ; x86_64         ;
; Assembler                 ; kazusa-VAIO      ; Windows 7 ; 6.1        ; x86_64         ;
; TimeQuest Timing Analyzer ; kazusa-VAIO      ; Windows 7 ; 6.1        ; x86_64         ;
+---------------------------+------------------+-----------+------------+----------------+


------------
; Flow Log ;
------------
quartus_map --read_settings_files=on --write_settings_files=off sine -c sine
quartus_fit --read_settings_files=off --write_settings_files=off sine -c sine
quartus_asm --read_settings_files=off --write_settings_files=off sine -c sine
quartus_sta sine -c sine



